VRVisionTests/Temp/gradleOut/unityLibrary/build/intermediates/manifest_merge_blame_file/release/manifest-merger-blame-release-report.txt
1<?xml version="1.0" encoding="utf-8"?>
2<!-- GENERATED BY UNITY. REMOVE THIS COMMENT TO PREVENT OVERWRITING WHEN EXPORTING AGAIN -->
3<manifest xmlns:android="http://schemas.android.com/apk/res/android"
4    xmlns:tools="http://schemas.android.com/tools"
5    package="com.unity3d.player"
6    android:installLocation="auto"
7    android:versionCode="1"
8    android:versionName="0.1" >
9
10    <uses-sdk
11        android:minSdkVersion="23"
11-->src\main\AndroidManifest.xml
12        android:targetSdkVersion="29" />
12-->src\main\AndroidManifest.xml
13
14    <uses-feature android:glEsVersion="0x00030000" />
14-->src\main\AndroidManifest.xml:23:3-52
14-->src\main\AndroidManifest.xml:23:17-49
15
16    <uses-permission android:name="android.permission.INTERNET" />
16-->src\main\AndroidManifest.xml:24:3-65
16-->src\main\AndroidManifest.xml:24:20-62
17    <uses-permission android:name="android.permission.RECORD_AUDIO" />
17-->src\main\AndroidManifest.xml:25:3-69
17-->src\main\AndroidManifest.xml:25:20-66
18    <uses-permission android:name="android.permission.MODIFY_AUDIO_SETTINGS" />
18-->src\main\AndroidManifest.xml:26:3-78
18-->src\main\AndroidManifest.xml:26:20-75
19
20    <uses-feature
20-->src\main\AndroidManifest.xml:27:3-87
21        android:name="android.hardware.microphone"
21-->src\main\AndroidManifest.xml:27:17-59
22        android:required="false" />
22-->src\main\AndroidManifest.xml:27:60-84
23    <uses-feature
23-->src\main\AndroidManifest.xml:28:3-97
24        android:name="android.hardware.sensor.accelerometer"
24-->src\main\AndroidManifest.xml:28:17-69
25        android:required="false" />
25-->src\main\AndroidManifest.xml:28:70-94
26    <uses-feature
26-->src\main\AndroidManifest.xml:29:3-88
27        android:name="android.hardware.touchscreen"
27-->src\main\AndroidManifest.xml:29:17-60
28        android:required="false" />
28-->src\main\AndroidManifest.xml:29:61-85
29    <uses-feature
29-->src\main\AndroidManifest.xml:30:3-99
30        android:name="android.hardware.touchscreen.multitouch"
30-->src\main\AndroidManifest.xml:30:17-71
31        android:required="false" />
31-->src\main\AndroidManifest.xml:30:72-96
32    <uses-feature
32-->src\main\AndroidManifest.xml:31:3-108
33        android:name="android.hardware.touchscreen.multitouch.distinct"
33-->src\main\AndroidManifest.xml:31:17-80
34        android:required="false" />
34-->src\main\AndroidManifest.xml:31:81-105
35    <uses-feature
35-->src\main\AndroidManifest.xml:32:3-111
36        android:name="android.hardware.vr.headtracking"
36-->src\main\AndroidManifest.xml:32:17-64
37        android:required="true"
37-->src\main\AndroidManifest.xml:32:65-88
38        android:version="1" />
38-->src\main\AndroidManifest.xml:32:89-108
39    <uses-feature
39-->src\main\AndroidManifest.xml:33:3-87
40        android:name="oculus.software.handtracking"
40-->src\main\AndroidManifest.xml:33:17-60
41        android:required="true" />
41-->src\main\AndroidManifest.xml:33:61-84
42
43    <uses-permission android:name="com.oculus.permission.HAND_TRACKING" />
43-->src\main\AndroidManifest.xml:34:3-73
43-->src\main\AndroidManifest.xml:34:20-70
44
45    <application
45-->src\main\AndroidManifest.xml:4:3-22:17
46        android:allowBackup="false"
46-->src\main\AndroidManifest.xml:4:81-108
47        android:icon="@mipmap/app_icon"
47-->src\main\AndroidManifest.xml:4:49-80
48        android:label="@string/app_name"
48-->src\main\AndroidManifest.xml:4:16-48
49        android:networkSecurityConfig="@xml/network_sec_config" >
49-->src\main\AndroidManifest.xml:4:109-164
50        <activity
50-->src\main\AndroidManifest.xml:5:5-14:16
51            android:name="com.unity3d.player.UnityPlayerActivity"
51-->src\main\AndroidManifest.xml:5:15-68
52            android:configChanges="keyboard|keyboardHidden|navigation|orientation|screenLayout|screenSize|uiMode"
52-->src\main\AndroidManifest.xml:5:204-305
53            android:hardwareAccelerated="false"
53-->src\main\AndroidManifest.xml:5:306-341
54            android:launchMode="singleTask"
54-->src\main\AndroidManifest.xml:5:172-203
55            android:screenOrientation="landscape"
55-->src\main\AndroidManifest.xml:5:134-171
56            android:theme="@android:style/Theme.Black.NoTitleBar.Fullscreen" >
56-->src\main\AndroidManifest.xml:5:69-133
57            <intent-filter>
57-->src\main\AndroidManifest.xml:6:7-10:23
58                <action android:name="android.intent.action.MAIN" />
58-->src\main\AndroidManifest.xml:7:9-61
58-->src\main\AndroidManifest.xml:7:17-58
59
60                <category android:name="android.intent.category.LAUNCHER" />
60-->src\main\AndroidManifest.xml:8:9-69
60-->src\main\AndroidManifest.xml:8:19-66
61                <category android:name="com.oculus.intent.category.VR" />
61-->src\main\AndroidManifest.xml:9:9-66
61-->src\main\AndroidManifest.xml:9:19-63
62            </intent-filter>
63
64            <meta-data
64-->src\main\AndroidManifest.xml:11:7-82
65                android:name="unityplayer.UnityActivity"
65-->src\main\AndroidManifest.xml:11:18-58
66                android:value="true" />
66-->src\main\AndroidManifest.xml:11:59-79
67            <meta-data
67-->src\main\AndroidManifest.xml:12:7-78
68                android:name="android.notch_support"
68-->src\main\AndroidManifest.xml:12:18-54
69                android:value="true" />
69-->src\main\AndroidManifest.xml:12:55-75
70            <meta-data
70-->src\main\AndroidManifest.xml:13:7-81
71                android:name="com.oculus.vr.focusaware"
71-->src\main\AndroidManifest.xml:13:18-57
72                android:value="true" />
72-->src\main\AndroidManifest.xml:13:58-78
73        </activity>
74
75        <meta-data
75-->src\main\AndroidManifest.xml:15:5-69
76            android:name="unity.splash-mode"
76-->src\main\AndroidManifest.xml:15:16-48
77            android:value="0" />
77-->src\main\AndroidManifest.xml:15:49-66
78        <meta-data
78-->src\main\AndroidManifest.xml:16:5-74
79            android:name="unity.splash-enable"
79-->src\main\AndroidManifest.xml:16:16-50
80            android:value="True" />
80-->src\main\AndroidManifest.xml:16:51-71
81        <meta-data
81-->src\main\AndroidManifest.xml:17:5-81
82            android:name="notch.config"
82-->src\main\AndroidManifest.xml:17:16-43
83            android:value="portrait|landscape" />
83-->src\main\AndroidManifest.xml:17:44-78
84        <meta-data
84-->src\main\AndroidManifest.xml:18:5-101
85            android:name="unity.build-id"
85-->src\main\AndroidManifest.xml:18:16-45
86            android:value="a7e22439-71ee-46b0-86e3-0ed8b80f5f1a" />
86-->src\main\AndroidManifest.xml:18:46-98
87        <meta-data
87-->src\main\AndroidManifest.xml:19:5-97
88            android:name="com.samsung.android.vr.application.mode"
88-->src\main\AndroidManifest.xml:19:16-70
89            android:value="vr_only" />
89-->src\main\AndroidManifest.xml:19:71-94
90        <meta-data
90-->src\main\AndroidManifest.xml:20:5-91
91            android:name="com.unity.xr.oculus.LowOverheadMode"
91-->src\main\AndroidManifest.xml:20:16-66
92            android:value="false" />
92-->src\main\AndroidManifest.xml:20:67-88
93        <meta-data
93-->src\main\AndroidManifest.xml:21:5-90
94            android:name="com.oculus.supportedDevices"
94-->src\main\AndroidManifest.xml:21:16-58
95            android:value="quest|quest2" />
95-->src\main\AndroidManifest.xml:21:59-87
96    </application>
97
98</manifest>